<?xml version="1.0" encoding="UTF-8"?>
<!-- Generated by org.testng.reporters.JUnitXMLReporter -->
<testsuite hostname="LAPTOP-DE2HCH7D" ignored="0" name="BankingApp Test" tests="2" failures="0" timestamp="2020-06-30T06:17:51 CDT" time="77.434" errors="0">
  <testcase name="loginTest" time="5.847" classname="com.inetbanking.testCases.TC_LoginTest_001"/>
  <testcase name="addNewCustomer" time="22.697" classname="com.inetbanking.testCases.TC_AddCustomerTest_003"/>
</testsuite> <!-- BankingApp Test -->
