<?xml version="1.0" encoding="UTF-8"?>
<testng-results skipped="0" failed="0" ignored="0" total="2" passed="2">
  <reporter-output>
  </reporter-output>
  <suite name="InetBankingV1" duration-ms="77434" started-at="2020-06-30T06:16:34 CDT" finished-at="2020-06-30T06:17:51 CDT">
    <groups>
    </groups>
    <test name="BankingApp Test" duration-ms="77434" started-at="2020-06-30T06:16:34 CDT" finished-at="2020-06-30T06:17:51 CDT">
      <class name="com.inetbanking.testCases.TC_LoginTest_001">
        <test-method status="PASS" signature="setup(java.lang.String)[pri:0, instance:com.inetbanking.testCases.TC_LoginTest_001@4b9e13df]" name="setup" is-config="true" duration-ms="29036" started-at="2020-06-30T06:16:34 CDT" finished-at="2020-06-30T06:17:03 CDT">
          <params>
            <param index="0">
              <value>
                <![CDATA[chrome]]>
              </value>
            </param>
          </params>
          <reporter-output>
          </reporter-output>
        </test-method> <!-- setup -->
        <test-method status="PASS" signature="loginTest()[pri:0, instance:com.inetbanking.testCases.TC_LoginTest_001@4b9e13df]" name="loginTest" duration-ms="5847" started-at="2020-06-30T06:17:04 CDT" finished-at="2020-06-30T06:17:09 CDT">
          <reporter-output>
          </reporter-output>
        </test-method> <!-- loginTest -->
        <test-method status="PASS" signature="tearDown()[pri:0, instance:com.inetbanking.testCases.TC_LoginTest_001@4b9e13df]" name="tearDown" is-config="true" duration-ms="1233" started-at="2020-06-30T06:17:09 CDT" finished-at="2020-06-30T06:17:11 CDT">
          <reporter-output>
          </reporter-output>
        </test-method> <!-- tearDown -->
      </class> <!-- com.inetbanking.testCases.TC_LoginTest_001 -->
      <class name="com.inetbanking.testCases.TC_AddCustomerTest_003">
        <test-method status="PASS" signature="setup(java.lang.String)[pri:0, instance:com.inetbanking.testCases.TC_AddCustomerTest_003@2b98378d]" name="setup" is-config="true" duration-ms="16997" started-at="2020-06-30T06:17:11 CDT" finished-at="2020-06-30T06:17:28 CDT">
          <params>
            <param index="0">
              <value>
                <![CDATA[chrome]]>
              </value>
            </param>
          </params>
          <reporter-output>
          </reporter-output>
        </test-method> <!-- setup -->
        <test-method status="PASS" signature="addNewCustomer()[pri:0, instance:com.inetbanking.testCases.TC_AddCustomerTest_003@2b98378d]" name="addNewCustomer" duration-ms="22697" started-at="2020-06-30T06:17:28 CDT" finished-at="2020-06-30T06:17:50 CDT">
          <reporter-output>
          </reporter-output>
        </test-method> <!-- addNewCustomer -->
        <test-method status="PASS" signature="tearDown()[pri:0, instance:com.inetbanking.testCases.TC_AddCustomerTest_003@2b98378d]" name="tearDown" is-config="true" duration-ms="712" started-at="2020-06-30T06:17:50 CDT" finished-at="2020-06-30T06:17:51 CDT">
          <reporter-output>
          </reporter-output>
        </test-method> <!-- tearDown -->
      </class> <!-- com.inetbanking.testCases.TC_AddCustomerTest_003 -->
    </test> <!-- BankingApp Test -->
  </suite> <!-- InetBankingV1 -->
</testng-results>
